<?xml version="1.0" encoding="UTF-8"?>
<!-- Generated by org.testng.reporters.JUnitXMLReporter -->
<testsuite hostname="GIChirukuri1IN" ignored="3" name="BVT" tests="1" failures="0" timestamp="2021-03-12T20:58:06 IST" time="106.006" errors="0">
  <testcase name="enableGamificationConfig" time="97.581" classname="TestScripts.Gamification"/>
  <testcase name="disableGamificationConfig" time="0.0" classname="TestScripts.Gamification">
    <ignored/>
  </testcase> <!-- disableGamificationConfig -->
  <testcase name="levelConfiguration" time="0.0" classname="TestScripts.Gamification">
    <ignored/>
  </testcase> <!-- levelConfiguration -->
  <testcase name="leaderBoardConfiguration" time="0.0" classname="TestScripts.Gamification">
    <ignored/>
  </testcase> <!-- leaderBoardConfiguration -->
</testsuite> <!-- BVT -->
